This file contains any messages produced by compilers while
running configure, to aid debugging if configure makes a mistake.

It was created by Capn Proto configure 0.6.1, which was
generated by GNU Autoconf 2.69.  Invocation command line was

  $ ./configure --prefix=/usr/local CPPFLAGS=-DPIC CFLAGS=-fPIC CXXFLAGS=-fPIC LDFLAGS=-fPIC --disable-shared --enable-static

## --------- ##
## Platform. ##
## --------- ##

hostname = CE-LINUX-1
uname -m = x86_64
uname -r = 4.15.0-66-generic
uname -s = Linux
uname -v = #75~16.04.1-Ubuntu SMP Tue Oct 1 14:01:08 UTC 2019

/usr/bin/uname -p = unknown
/bin/uname -X     = unknown

/bin/arch              = unknown
/usr/bin/arch -k       = unknown
/usr/convex/getsysinfo = unknown
/usr/bin/hostinfo      = unknown
/bin/machine           = unknown
/usr/bin/oslevel       = unknown
/bin/universe          = unknown

PATH: /home/keyur/.local/share/virtualenvs/tests-vO94XYL6/bin
PATH: /home/keyur/bin
PATH: /home/keyur/.local/bin
PATH: /usr/local/sbin
PATH: /usr/local/bin
PATH: /usr/sbin
PATH: /usr/bin
PATH: /sbin
PATH: /bin
PATH: /usr/games
PATH: /usr/local/games
PATH: /snap/bin


## ----------- ##
## Core tests. ##
## ----------- ##

configure:2357: checking for a BSD-compatible install
configure:2425: result: /usr/bin/install -c
configure:2436: checking whether build environment is sane
configure:2491: result: yes
configure:2642: checking for a thread-safe mkdir -p
configure:2681: result: /bin/mkdir -p
configure:2688: checking for gawk
configure:2718: result: no
configure:2688: checking for mawk
configure:2704: found /usr/bin/mawk
configure:2715: result: mawk
configure:2726: checking whether make sets $(MAKE)
configure:2748: result: yes
configure:2777: checking whether make supports nested variables
configure:2794: result: yes
configure:2883: checking whether UID '1001' is supported by ustar format
configure:2886: result: yes
configure:2893: checking whether GID '1001' is supported by ustar format
configure:2896: result: yes
configure:2904: checking how to create a ustar tar archive
configure:2915: tar --version
tar (GNU tar) 1.28
Copyright (C) 2014 Free Software Foundation, Inc.
License GPLv3+: GNU GPL version 3 or later <http://gnu.org/licenses/gpl.html>.
This is free software: you are free to change and redistribute it.
There is NO WARRANTY, to the extent permitted by law.

Written by John Gilmore and Jay Fenlason.
configure:2918: $? = 0
configure:2958: tardir=conftest.dir && eval tar --format=ustar -chf - "$tardir" >conftest.tar
configure:2961: $? = 0
configure:2965: tar -xf - <conftest.tar
configure:2968: $? = 0
configure:2970: cat conftest.dir/file
GrepMe
configure:2973: $? = 0
configure:2986: result: gnutar
configure:3120: checking for gcc
configure:3136: found /usr/bin/gcc
configure:3147: result: gcc
configure:3376: checking for C compiler version
configure:3385: gcc --version >&5
gcc (Ubuntu 5.4.0-6ubuntu1~16.04.12) 5.4.0 20160609
Copyright (C) 2015 Free Software Foundation, Inc.
This is free software; see the source for copying conditions.  There is NO
warranty; not even for MERCHANTABILITY or FITNESS FOR A PARTICULAR PURPOSE.

configure:3396: $? = 0
configure:3385: gcc -v >&5
Using built-in specs.
COLLECT_GCC=gcc
COLLECT_LTO_WRAPPER=/usr/lib/gcc/x86_64-linux-gnu/5/lto-wrapper
Target: x86_64-linux-gnu
Configured with: ../src/configure -v --with-pkgversion='Ubuntu 5.4.0-6ubuntu1~16.04.12' --with-bugurl=file:///usr/share/doc/gcc-5/README.Bugs --enable-languages=c,ada,c++,java,go,d,fortran,objc,obj-c++ --prefix=/usr --program-suffix=-5 --enable-shared --enable-linker-build-id --libexecdir=/usr/lib --without-included-gettext --enable-threads=posix --libdir=/usr/lib --enable-nls --with-sysroot=/ --enable-clocale=gnu --enable-libstdcxx-debug --enable-libstdcxx-time=yes --with-default-libstdcxx-abi=new --enable-gnu-unique-object --disable-vtable-verify --enable-libmpx --enable-plugin --with-system-zlib --disable-browser-plugin --enable-java-awt=gtk --enable-gtk-cairo --with-java-home=/usr/lib/jvm/java-1.5.0-gcj-5-amd64/jre --enable-java-home --with-jvm-root-dir=/usr/lib/jvm/java-1.5.0-gcj-5-amd64 --with-jvm-jar-dir=/usr/lib/jvm-exports/java-1.5.0-gcj-5-amd64 --with-arch-directory=amd64 --with-ecj-jar=/usr/share/java/eclipse-ecj.jar --enable-objc-gc --enable-multiarch --disable-werror --with-arch-32=i686 --with-abi=m64 --with-multilib-list=m32,m64,mx32 --enable-multilib --with-tune=generic --enable-checking=release --build=x86_64-linux-gnu --host=x86_64-linux-gnu --target=x86_64-linux-gnu
Thread model: posix
gcc version 5.4.0 20160609 (Ubuntu 5.4.0-6ubuntu1~16.04.12) 
configure:3396: $? = 0
configure:3385: gcc -V >&5
gcc: error: unrecognized command line option '-V'
gcc: fatal error: no input files
compilation terminated.
configure:3396: $? = 1
configure:3385: gcc -qversion >&5
gcc: error: unrecognized command line option '-qversion'
gcc: fatal error: no input files
compilation terminated.
configure:3396: $? = 1
configure:3416: checking whether the C compiler works
configure:3438: gcc -fPIC -DPIC -fPIC conftest.c  >&5
configure:3442: $? = 0
configure:3490: result: yes
configure:3493: checking for C compiler default output file name
configure:3495: result: a.out
configure:3501: checking for suffix of executables
configure:3508: gcc -o conftest -fPIC -DPIC -fPIC conftest.c  >&5
configure:3512: $? = 0
configure:3534: result: 
configure:3556: checking whether we are cross compiling
configure:3564: gcc -o conftest -fPIC -DPIC -fPIC conftest.c  >&5
configure:3568: $? = 0
configure:3575: ./conftest
configure:3579: $? = 0
configure:3594: result: no
configure:3599: checking for suffix of object files
configure:3621: gcc -c -fPIC -DPIC conftest.c >&5
configure:3625: $? = 0
configure:3646: result: o
configure:3650: checking whether we are using the GNU C compiler
configure:3669: gcc -c -fPIC -DPIC conftest.c >&5
configure:3669: $? = 0
configure:3678: result: yes
configure:3687: checking whether gcc accepts -g
configure:3707: gcc -c -g -DPIC conftest.c >&5
configure:3707: $? = 0
configure:3748: result: yes
configure:3765: checking for gcc option to accept ISO C89
configure:3828: gcc  -c -fPIC -DPIC conftest.c >&5
configure:3828: $? = 0
configure:3841: result: none needed
configure:3866: checking whether gcc understands -c and -o together
configure:3888: gcc -c conftest.c -o conftest2.o
configure:3891: $? = 0
configure:3888: gcc -c conftest.c -o conftest2.o
configure:3891: $? = 0
configure:3903: result: yes
configure:3931: checking for style of include used by make
configure:3959: result: GNU
configure:3985: checking dependency style of gcc
configure:4096: result: gcc3
configure:4169: checking for g++
configure:4185: found /usr/bin/g++
configure:4196: result: g++
configure:4223: checking for C++ compiler version
configure:4232: g++ --version >&5
g++ (Ubuntu 5.4.0-6ubuntu1~16.04.12) 5.4.0 20160609
Copyright (C) 2015 Free Software Foundation, Inc.
This is free software; see the source for copying conditions.  There is NO
warranty; not even for MERCHANTABILITY or FITNESS FOR A PARTICULAR PURPOSE.

configure:4243: $? = 0
configure:4232: g++ -v >&5
Using built-in specs.
COLLECT_GCC=g++
COLLECT_LTO_WRAPPER=/usr/lib/gcc/x86_64-linux-gnu/5/lto-wrapper
Target: x86_64-linux-gnu
Configured with: ../src/configure -v --with-pkgversion='Ubuntu 5.4.0-6ubuntu1~16.04.12' --with-bugurl=file:///usr/share/doc/gcc-5/README.Bugs --enable-languages=c,ada,c++,java,go,d,fortran,objc,obj-c++ --prefix=/usr --program-suffix=-5 --enable-shared --enable-linker-build-id --libexecdir=/usr/lib --without-included-gettext --enable-threads=posix --libdir=/usr/lib --enable-nls --with-sysroot=/ --enable-clocale=gnu --enable-libstdcxx-debug --enable-libstdcxx-time=yes --with-default-libstdcxx-abi=new --enable-gnu-unique-object --disable-vtable-verify --enable-libmpx --enable-plugin --with-system-zlib --disable-browser-plugin --enable-java-awt=gtk --enable-gtk-cairo --with-java-home=/usr/lib/jvm/java-1.5.0-gcj-5-amd64/jre --enable-java-home --with-jvm-root-dir=/usr/lib/jvm/java-1.5.0-gcj-5-amd64 --with-jvm-jar-dir=/usr/lib/jvm-exports/java-1.5.0-gcj-5-amd64 --with-arch-directory=amd64 --with-ecj-jar=/usr/share/java/eclipse-ecj.jar --enable-objc-gc --enable-multiarch --disable-werror --with-arch-32=i686 --with-abi=m64 --with-multilib-list=m32,m64,mx32 --enable-multilib --with-tune=generic --enable-checking=release --build=x86_64-linux-gnu --host=x86_64-linux-gnu --target=x86_64-linux-gnu
Thread model: posix
gcc version 5.4.0 20160609 (Ubuntu 5.4.0-6ubuntu1~16.04.12) 
configure:4243: $? = 0
configure:4232: g++ -V >&5
g++: error: unrecognized command line option '-V'
g++: fatal error: no input files
compilation terminated.
configure:4243: $? = 1
configure:4232: g++ -qversion >&5
g++: error: unrecognized command line option '-qversion'
g++: fatal error: no input files
compilation terminated.
configure:4243: $? = 1
configure:4247: checking whether we are using the GNU C++ compiler
configure:4266: g++ -c -fPIC -DPIC conftest.cpp >&5
configure:4266: $? = 0
configure:4275: result: yes
configure:4284: checking whether g++ accepts -g
configure:4304: g++ -c -g -DPIC conftest.cpp >&5
configure:4304: $? = 0
configure:4345: result: yes
configure:4370: checking dependency style of g++
configure:4481: result: gcc3
configure:4504: checking whether g++ supports C++11 features by default
configure:4549: g++ -c -fPIC -DPIC conftest.cpp >&5
In file included from /usr/include/c++/5/type_traits:35:0,
                 from conftest.cpp:44:
/usr/include/c++/5/bits/c++0x_warning.h:32:2: error: #error This file requires compiler and library support for the ISO C++ 2011 standard. This support must be enabled with the -std=c++11 or -std=gnu++11 compiler options.
 #error This file requires compiler and library support \
  ^
conftest.cpp:15:19: error: expected identifier before 'sizeof'
     static_assert(sizeof(int) <= sizeof(T), "not big enough");
                   ^
conftest.cpp:15:19: error: expected ',' or '...' before 'sizeof'
conftest.cpp:15:61: error: ISO C++ forbids declaration of 'static_assert' with no type [-fpermissive]
     static_assert(sizeof(int) <= sizeof(T), "not big enough");
                                                             ^
conftest.cpp:18:27: error: '>>' should be '> >' within a nested template argument list
   typedef check<check<bool>> right_angle_brackets;
                           ^
conftest.cpp:21:11: error: expected constructor, destructor, or type conversion before '(' token
   decltype(a) b;
           ^
conftest.cpp:25:13: error: expected unqualified-id before '&&' token
   check_type&& cr = static_cast<check_type&&>(c);
             ^
configure:4549: $? = 1
configure: failed program was:
| /* confdefs.h */
| #define PACKAGE_NAME "Capn Proto"
| #define PACKAGE_TARNAME "capnproto-c++"
| #define PACKAGE_VERSION "0.6.1"
| #define PACKAGE_STRING "Capn Proto 0.6.1"
| #define PACKAGE_BUGREPORT "capnproto@googlegroups.com"
| #define PACKAGE_URL ""
| #define PACKAGE "capnproto-c++"
| #define VERSION "0.6.1"
| /* end confdefs.h.  */
| 
|   template <typename T>
|   struct check
|   {
|     static_assert(sizeof(int) <= sizeof(T), "not big enough");
|   };
| 
|   typedef check<check<bool>> right_angle_brackets;
| 
|   int a;
|   decltype(a) b;
| 
|   typedef check<int> check_type;
|   check_type c;
|   check_type&& cr = static_cast<check_type&&>(c);
| 
|   // GCC 4.7 introduced __float128 and makes reference to it in type_traits.
|   // Clang doesn't implement it, so produces an error.  Using -std=c++11
|   // instead of -std=gnu++11 works around the problem.  But on some
|   // platforms we need -std=gnu++11.  So we want to make sure the test of
|   // -std=gnu++11 fails only where this problem is present, and we hope that
|   // -std=c++11 is always an acceptable fallback in these cases.  Complicating
|   // matters, though, is that we don't want to fail here if the platform is
|   // completely missing a C++11 standard library, because we want to probe that
|   // in a later test.  It happens, though, that Clang allows us to check
|   // whether a header exists at all before we include it.
|   //
|   // So, if we detect that __has_include is available (which it is on Clang),
|   // and we use it to detect that <type_traits> (a C++11 header) exists, then
|   // we go ahead and #include it to see if it breaks.  In all other cases, we
|   // don't #include it at all.
|   #ifdef __has_include
|   #if __has_include(<type_traits>)
|   #include <type_traits>
|   #endif
|   #endif
| 
configure:4556: result: no
configure:4565: checking whether g++ supports C++11 features with -std=gnu++11
configure:4612: g++ -std=gnu++11 -c -fPIC -DPIC conftest.cpp >&5
configure:4612: $? = 0
configure:4621: result: yes
configure:4704: checking whether g++ -std=gnu++11 supports C++11 library features by default
configure:4718: g++ -std=gnu++11 -c -fPIC -DPIC conftest.cpp >&5
configure:4718: $? = 0
configure:4726: result: yes
configure:4775: checking build system type
configure:4789: result: x86_64-pc-linux-gnu
configure:4809: checking host system type
configure:4822: result: x86_64-pc-linux-gnu
configure:5023: checking for the pthreads library -lpthreads
configure:5056: gcc -o conftest -fPIC  -DPIC -fPIC conftest.c -lpthreads  >&5
conftest.c: In function 'main':
conftest.c:16:22: warning: null argument where non-null required (argument 1) [-Wnonnull]
                      pthread_attr_init(0); pthread_cleanup_push(0, 0);
                      ^
conftest.c:17:22: warning: null argument where non-null required (argument 1) [-Wnonnull]
                      pthread_create(0,0,0,0); pthread_cleanup_pop(0);
                      ^
conftest.c:17:22: warning: null argument where non-null required (argument 3) [-Wnonnull]
/usr/bin/ld: cannot find -lpthreads
collect2: error: ld returned 1 exit status
configure:5056: $? = 1
configure: failed program was:
| /* confdefs.h */
| #define PACKAGE_NAME "Capn Proto"
| #define PACKAGE_TARNAME "capnproto-c++"
| #define PACKAGE_VERSION "0.6.1"
| #define PACKAGE_STRING "Capn Proto 0.6.1"
| #define PACKAGE_BUGREPORT "capnproto@googlegroups.com"
| #define PACKAGE_URL ""
| #define PACKAGE "capnproto-c++"
| #define VERSION "0.6.1"
| /* end confdefs.h.  */
| #include <pthread.h>
| int
| main ()
| {
| pthread_t th; pthread_join(th, 0);
|                      pthread_attr_init(0); pthread_cleanup_push(0, 0);
|                      pthread_create(0,0,0,0); pthread_cleanup_pop(0);
|   ;
|   return 0;
| }
configure:5065: result: no
configure:4968: checking whether pthreads work without any flags
configure:5056: gcc -o conftest -fPIC  -DPIC -fPIC conftest.c   >&5
conftest.c: In function 'main':
conftest.c:16:22: warning: null argument where non-null required (argument 1) [-Wnonnull]
                      pthread_attr_init(0); pthread_cleanup_push(0, 0);
                      ^
conftest.c:17:22: warning: null argument where non-null required (argument 1) [-Wnonnull]
                      pthread_create(0,0,0,0); pthread_cleanup_pop(0);
                      ^
conftest.c:17:22: warning: null argument where non-null required (argument 3) [-Wnonnull]
/tmp/ccqNksZ6.o: In function `main':
conftest.c:(.text+0x27): undefined reference to `pthread_join'
conftest.c:(.text+0x90): undefined reference to `__pthread_register_cancel'
conftest.c:(.text+0xa9): undefined reference to `pthread_create'
conftest.c:(.text+0xb5): undefined reference to `__pthread_unregister_cancel'
collect2: error: ld returned 1 exit status
configure:5056: $? = 1
configure: failed program was:
| /* confdefs.h */
| #define PACKAGE_NAME "Capn Proto"
| #define PACKAGE_TARNAME "capnproto-c++"
| #define PACKAGE_VERSION "0.6.1"
| #define PACKAGE_STRING "Capn Proto 0.6.1"
| #define PACKAGE_BUGREPORT "capnproto@googlegroups.com"
| #define PACKAGE_URL ""
| #define PACKAGE "capnproto-c++"
| #define VERSION "0.6.1"
| /* end confdefs.h.  */
| #include <pthread.h>
| int
| main ()
| {
| pthread_t th; pthread_join(th, 0);
|                      pthread_attr_init(0); pthread_cleanup_push(0, 0);
|                      pthread_create(0,0,0,0); pthread_cleanup_pop(0);
|   ;
|   return 0;
| }
configure:5065: result: no
configure:4973: checking whether pthreads work with -Kthread
configure:5056: gcc -o conftest -fPIC -Kthread -DPIC -fPIC conftest.c   >&5
gcc: error: unrecognized command line option '-Kthread'
configure:5056: $? = 1
configure: failed program was:
| /* confdefs.h */
| #define PACKAGE_NAME "Capn Proto"
| #define PACKAGE_TARNAME "capnproto-c++"
| #define PACKAGE_VERSION "0.6.1"
| #define PACKAGE_STRING "Capn Proto 0.6.1"
| #define PACKAGE_BUGREPORT "capnproto@googlegroups.com"
| #define PACKAGE_URL ""
| #define PACKAGE "capnproto-c++"
| #define VERSION "0.6.1"
| /* end confdefs.h.  */
| #include <pthread.h>
| int
| main ()
| {
| pthread_t th; pthread_join(th, 0);
|                      pthread_attr_init(0); pthread_cleanup_push(0, 0);
|                      pthread_create(0,0,0,0); pthread_cleanup_pop(0);
|   ;
|   return 0;
| }
configure:5065: result: no
configure:4973: checking whether pthreads work with -kthread
configure:5056: gcc -o conftest -fPIC -kthread -DPIC -fPIC conftest.c   >&5
gcc: error: unrecognized command line option '-kthread'
configure:5056: $? = 1
configure: failed program was:
| /* confdefs.h */
| #define PACKAGE_NAME "Capn Proto"
| #define PACKAGE_TARNAME "capnproto-c++"
| #define PACKAGE_VERSION "0.6.1"
| #define PACKAGE_STRING "Capn Proto 0.6.1"
| #define PACKAGE_BUGREPORT "capnproto@googlegroups.com"
| #define PACKAGE_URL ""
| #define PACKAGE "capnproto-c++"
| #define VERSION "0.6.1"
| /* end confdefs.h.  */
| #include <pthread.h>
| int
| main ()
| {
| pthread_t th; pthread_join(th, 0);
|                      pthread_attr_init(0); pthread_cleanup_push(0, 0);
|                      pthread_create(0,0,0,0); pthread_cleanup_pop(0);
|   ;
|   return 0;
| }
configure:5065: result: no
configure:5023: checking for the pthreads library -llthread
configure:5056: gcc -o conftest -fPIC  -DPIC -fPIC conftest.c -llthread  >&5
conftest.c: In function 'main':
conftest.c:16:22: warning: null argument where non-null required (argument 1) [-Wnonnull]
                      pthread_attr_init(0); pthread_cleanup_push(0, 0);
                      ^
conftest.c:17:22: warning: null argument where non-null required (argument 1) [-Wnonnull]
                      pthread_create(0,0,0,0); pthread_cleanup_pop(0);
                      ^
conftest.c:17:22: warning: null argument where non-null required (argument 3) [-Wnonnull]
/usr/bin/ld: cannot find -llthread
collect2: error: ld returned 1 exit status
configure:5056: $? = 1
configure: failed program was:
| /* confdefs.h */
| #define PACKAGE_NAME "Capn Proto"
| #define PACKAGE_TARNAME "capnproto-c++"
| #define PACKAGE_VERSION "0.6.1"
| #define PACKAGE_STRING "Capn Proto 0.6.1"
| #define PACKAGE_BUGREPORT "capnproto@googlegroups.com"
| #define PACKAGE_URL ""
| #define PACKAGE "capnproto-c++"
| #define VERSION "0.6.1"
| /* end confdefs.h.  */
| #include <pthread.h>
| int
| main ()
| {
| pthread_t th; pthread_join(th, 0);
|                      pthread_attr_init(0); pthread_cleanup_push(0, 0);
|                      pthread_create(0,0,0,0); pthread_cleanup_pop(0);
|   ;
|   return 0;
| }
configure:5065: result: no
configure:4973: checking whether pthreads work with -pthread
configure:5056: gcc -o conftest -fPIC -pthread -DPIC -fPIC conftest.c   >&5
conftest.c: In function 'main':
conftest.c:16:22: warning: null argument where non-null required (argument 1) [-Wnonnull]
                      pthread_attr_init(0); pthread_cleanup_push(0, 0);
                      ^
conftest.c:17:22: warning: null argument where non-null required (argument 1) [-Wnonnull]
                      pthread_create(0,0,0,0); pthread_cleanup_pop(0);
                      ^
conftest.c:17:22: warning: null argument where non-null required (argument 3) [-Wnonnull]
configure:5056: $? = 0
configure:5065: result: yes
configure:5084: checking for joinable pthread attribute
configure:5099: gcc -o conftest -fPIC -pthread -DPIC -fPIC conftest.c   >&5
configure:5099: $? = 0
configure:5105: result: PTHREAD_CREATE_JOINABLE
configure:5115: checking if more special flags are required for pthreads
configure:5122: result: no
configure:5211: checking whether to check for GCC pthread/shared inconsistencies
configure:5224: gcc -o conftest -shared -fPIC -Wl,-z,defs -fPIC -pthread -DPIC -fPIC conftest.c   >&5
configure:5224: $? = 0
configure:5236: result: yes
configure:5242: checking whether -pthread is sufficient with -shared
configure:5257: gcc -o conftest -shared -fPIC -Wl,-z,defs -fPIC -pthread -DPIC -fPIC conftest.c   >&5
conftest.c: In function 'main':
conftest.c:16:8: warning: null argument where non-null required (argument 1) [-Wnonnull]
        pthread_attr_init(0); pthread_cleanup_push(0, 0);
        ^
conftest.c:17:8: warning: null argument where non-null required (argument 1) [-Wnonnull]
        pthread_create(0,0,0,0); pthread_cleanup_pop(0);
        ^
conftest.c:17:8: warning: null argument where non-null required (argument 3) [-Wnonnull]
configure:5257: $? = 0
configure:5264: result: yes
configure:5372: checking whether pthread flag is sufficient with -nostdlib
configure:5387: gcc -o conftest -fPIC -pthread -DPIC -fPIC conftest.c -nostdlib   -lc >&5
conftest.c: In function 'main':
conftest.c:16:22: warning: null argument where non-null required (argument 1) [-Wnonnull]
                      pthread_attr_init(0); pthread_cleanup_push(0, 0);
                      ^
conftest.c:17:22: warning: null argument where non-null required (argument 1) [-Wnonnull]
                      pthread_create(0,0,0,0); pthread_cleanup_pop(0);
                      ^
conftest.c:17:22: warning: null argument where non-null required (argument 3) [-Wnonnull]
/usr/bin/ld: warning: cannot find entry symbol _start; defaulting to 0000000000400550
/tmp/ccq1Iqwm.o: In function `main':
conftest.c:(.text+0x18): undefined reference to `pthread_join'
conftest.c:(.text+0x7e): undefined reference to `__pthread_register_cancel'
conftest.c:(.text+0x97): undefined reference to `pthread_create'
conftest.c:(.text+0xa6): undefined reference to `__pthread_unregister_cancel'
collect2: error: ld returned 1 exit status
configure:5387: $? = 1
configure: failed program was:
| /* confdefs.h */
| #define PACKAGE_NAME "Capn Proto"
| #define PACKAGE_TARNAME "capnproto-c++"
| #define PACKAGE_VERSION "0.6.1"
| #define PACKAGE_STRING "Capn Proto 0.6.1"
| #define PACKAGE_BUGREPORT "capnproto@googlegroups.com"
| #define PACKAGE_URL ""
| #define PACKAGE "capnproto-c++"
| #define VERSION "0.6.1"
| /* end confdefs.h.  */
| #include <pthread.h>
| int
| main ()
| {
| pthread_t th; pthread_join(th, 0);
|                      pthread_attr_init(0); pthread_cleanup_push(0, 0);
|                      pthread_create(0,0,0,0); pthread_cleanup_pop(0);
|   ;
|   return 0;
| }
configure:5392: result: no
configure:5395: checking whether adding -lpthread fixes that
configure:5412: gcc -o conftest -fPIC -pthread -DPIC -fPIC conftest.c -nostdlib  -lpthread  -lc >&5
conftest.c: In function 'main':
conftest.c:16:24: warning: null argument where non-null required (argument 1) [-Wnonnull]
                        pthread_attr_init(0); pthread_cleanup_push(0, 0);
                        ^
conftest.c:17:24: warning: null argument where non-null required (argument 1) [-Wnonnull]
                        pthread_create(0,0,0,0); pthread_cleanup_pop(0);
                        ^
conftest.c:17:24: warning: null argument where non-null required (argument 3) [-Wnonnull]
/usr/bin/ld: warning: cannot find entry symbol _start; defaulting to 00000000004005a0
configure:5412: $? = 0
configure:5414: result: yes
configure:5508: checking how to print strings
configure:5535: result: printf
configure:5556: checking for a sed that does not truncate output
configure:5620: result: /bin/sed
configure:5638: checking for grep that handles long lines and -e
configure:5696: result: /bin/grep
configure:5701: checking for egrep
configure:5763: result: /bin/grep -E
configure:5768: checking for fgrep
configure:5830: result: /bin/grep -F
configure:5865: checking for ld used by gcc
configure:5932: result: /usr/bin/ld
configure:5939: checking if the linker (/usr/bin/ld) is GNU ld
configure:5954: result: yes
configure:5966: checking for BSD- or MS-compatible name lister (nm)
configure:6020: result: /usr/bin/nm -B
configure:6150: checking the name lister (/usr/bin/nm -B) interface
configure:6157: g++ -std=gnu++11 -c -fPIC -DPIC conftest.cpp >&5
configure:6160: /usr/bin/nm -B "conftest.o"
configure:6163: output
0000000000000000 B some_variable
configure:6170: result: BSD nm
configure:6173: checking whether ln -s works
configure:6177: result: yes
configure:6185: checking the maximum length of command line arguments
configure:6316: result: 1572864
configure:6364: checking how to convert x86_64-pc-linux-gnu file names to x86_64-pc-linux-gnu format
configure:6404: result: func_convert_file_noop
configure:6411: checking how to convert x86_64-pc-linux-gnu file names to toolchain format
configure:6431: result: func_convert_file_noop
configure:6438: checking for /usr/bin/ld option to reload object files
configure:6445: result: -r
configure:6519: checking for objdump
configure:6535: found /usr/bin/objdump
configure:6546: result: objdump
configure:6578: checking how to recognize dependent libraries
configure:6778: result: pass_all
configure:6863: checking for dlltool
configure:6893: result: no
configure:6923: checking how to associate runtime and link libraries
configure:6950: result: printf %s\n
configure:7010: checking for ar
configure:7026: found /usr/bin/ar
configure:7037: result: ar
configure:7074: checking for archiver @FILE support
configure:7091: g++ -std=gnu++11 -c -fPIC -DPIC conftest.cpp >&5
configure:7091: $? = 0
configure:7094: ar cru libconftest.a @conftest.lst >&5
ar: `u' modifier ignored since `D' is the default (see `U')
configure:7097: $? = 0
configure:7102: ar cru libconftest.a @conftest.lst >&5
ar: `u' modifier ignored since `D' is the default (see `U')
ar: conftest.o: No such file or directory
configure:7105: $? = 1
configure:7117: result: @
configure:7175: checking for strip
configure:7191: found /usr/bin/strip
configure:7202: result: strip
configure:7274: checking for ranlib
configure:7290: found /usr/bin/ranlib
configure:7301: result: ranlib
configure:7403: checking command to parse /usr/bin/nm -B output from gcc object
configure:7556: g++ -std=gnu++11 -c -fPIC -DPIC conftest.cpp >&5
configure:7559: $? = 0
configure:7563: /usr/bin/nm -B conftest.o \| sed -n -e 's/^.*[ ]\([ABCDGIRSTW][ABCDGIRSTW]*\)[ ][ ]*\([_A-Za-z][_A-Za-z0-9]*\)$/\1 \2 \2/p' | sed '/ __gnu_lto/d' \> conftest.nm
configure:7566: $? = 0
configure:7632: g++ -std=gnu++11 -o conftest -fPIC -DPIC -fPIC conftest.cpp conftstm.o >&5
configure:7635: $? = 0
configure:7673: result: ok
configure:7720: checking for sysroot
configure:7750: result: no
configure:7757: checking for a working dd
configure:7795: result: /bin/dd
configure:7799: checking how to truncate binary pipes
configure:7814: result: /bin/dd bs=4096 count=1
configure:7950: g++ -std=gnu++11 -c -fPIC -DPIC conftest.cpp >&5
configure:7953: $? = 0
configure:8143: checking for mt
configure:8159: found /bin/mt
configure:8170: result: mt
configure:8193: checking if mt is a manifest tool
configure:8199: mt '-?'
configure:8207: result: no
configure:8884: checking how to run the C preprocessor
configure:8915: gcc -E -DPIC conftest.c
configure:8915: $? = 0
configure:8929: gcc -E -DPIC conftest.c
conftest.c:12:28: fatal error: ac_nonexistent.h: No such file or directory
compilation terminated.
configure:8929: $? = 1
configure: failed program was:
| /* confdefs.h */
| #define PACKAGE_NAME "Capn Proto"
| #define PACKAGE_TARNAME "capnproto-c++"
| #define PACKAGE_VERSION "0.6.1"
| #define PACKAGE_STRING "Capn Proto 0.6.1"
| #define PACKAGE_BUGREPORT "capnproto@googlegroups.com"
| #define PACKAGE_URL ""
| #define PACKAGE "capnproto-c++"
| #define VERSION "0.6.1"
| #define HAVE_PTHREAD 1
| /* end confdefs.h.  */
| #include <ac_nonexistent.h>
configure:8954: result: gcc -E
configure:8974: gcc -E -DPIC conftest.c
configure:8974: $? = 0
configure:8988: gcc -E -DPIC conftest.c
conftest.c:12:28: fatal error: ac_nonexistent.h: No such file or directory
compilation terminated.
configure:8988: $? = 1
configure: failed program was:
| /* confdefs.h */
| #define PACKAGE_NAME "Capn Proto"
| #define PACKAGE_TARNAME "capnproto-c++"
| #define PACKAGE_VERSION "0.6.1"
| #define PACKAGE_STRING "Capn Proto 0.6.1"
| #define PACKAGE_BUGREPORT "capnproto@googlegroups.com"
| #define PACKAGE_URL ""
| #define PACKAGE "capnproto-c++"
| #define VERSION "0.6.1"
| #define HAVE_PTHREAD 1
| /* end confdefs.h.  */
| #include <ac_nonexistent.h>
configure:9017: checking for ANSI C header files
configure:9037: gcc -c -fPIC -DPIC conftest.c >&5
configure:9037: $? = 0
configure:9110: gcc -o conftest -fPIC -DPIC -fPIC conftest.c  >&5
configure:9110: $? = 0
configure:9110: ./conftest
configure:9110: $? = 0
configure:9121: result: yes
configure:9134: checking for sys/types.h
configure:9134: gcc -c -fPIC -DPIC conftest.c >&5
configure:9134: $? = 0
configure:9134: result: yes
configure:9134: checking for sys/stat.h
configure:9134: gcc -c -fPIC -DPIC conftest.c >&5
configure:9134: $? = 0
configure:9134: result: yes
configure:9134: checking for stdlib.h
configure:9134: gcc -c -fPIC -DPIC conftest.c >&5
configure:9134: $? = 0
configure:9134: result: yes
configure:9134: checking for string.h
configure:9134: gcc -c -fPIC -DPIC conftest.c >&5
configure:9134: $? = 0
configure:9134: result: yes
configure:9134: checking for memory.h
configure:9134: gcc -c -fPIC -DPIC conftest.c >&5
configure:9134: $? = 0
configure:9134: result: yes
configure:9134: checking for strings.h
configure:9134: gcc -c -fPIC -DPIC conftest.c >&5
configure:9134: $? = 0
configure:9134: result: yes
configure:9134: checking for inttypes.h
configure:9134: gcc -c -fPIC -DPIC conftest.c >&5
configure:9134: $? = 0
configure:9134: result: yes
configure:9134: checking for stdint.h
configure:9134: gcc -c -fPIC -DPIC conftest.c >&5
configure:9134: $? = 0
configure:9134: result: yes
configure:9134: checking for unistd.h
configure:9134: gcc -c -fPIC -DPIC conftest.c >&5
configure:9134: $? = 0
configure:9134: result: yes
configure:9148: checking for dlfcn.h
configure:9148: gcc -c -fPIC -DPIC conftest.c >&5
configure:9148: $? = 0
configure:9148: result: yes
configure:9414: checking for objdir
configure:9429: result: .libs
configure:9693: checking if gcc supports -fno-rtti -fno-exceptions
configure:9711: gcc -c -fPIC -DPIC -fno-rtti -fno-exceptions conftest.c >&5
cc1: warning: command line option '-fno-rtti' is valid for C++/ObjC++ but not for C
configure:9715: $? = 0
configure:9728: result: no
configure:10086: checking for gcc option to produce PIC
configure:10093: result: -fPIC -DPIC
configure:10101: checking if gcc PIC flag -fPIC -DPIC works
configure:10119: gcc -c -fPIC -DPIC -fPIC -DPIC -DPIC conftest.c >&5
configure:10123: $? = 0
configure:10136: result: yes
configure:10165: checking if gcc static flag -static works
configure:10193: result: yes
configure:10208: checking if gcc supports -c -o file.o
configure:10229: gcc -c -fPIC -DPIC -o out/conftest2.o conftest.c >&5
configure:10233: $? = 0
configure:10255: result: yes
configure:10263: checking if gcc supports -c -o file.o
configure:10310: result: yes
configure:10343: checking whether the gcc linker (/usr/bin/ld -m elf_x86_64) supports shared libraries
configure:11606: result: yes
configure:11846: checking dynamic linker characteristics
configure:12427: gcc -o conftest -fPIC -DPIC -fPIC -Wl,-rpath -Wl,/foo conftest.c  >&5
configure:12427: $? = 0
configure:12676: result: GNU/Linux ld.so
configure:12798: checking how to hardcode library paths into programs
configure:12823: result: immediate
configure:13371: checking whether stripping libraries is possible
configure:13376: result: yes
configure:13411: checking if libtool supports shared libraries
configure:13413: result: yes
configure:13416: checking whether to build shared libraries
configure:13441: result: no
configure:13444: checking whether to build static libraries
configure:13448: result: yes
configure:13471: checking how to run the C++ preprocessor
configure:13498: g++ -std=gnu++11 -E -DPIC conftest.cpp
configure:13498: $? = 0
configure:13512: g++ -std=gnu++11 -E -DPIC conftest.cpp
conftest.cpp:24:28: fatal error: ac_nonexistent.h: No such file or directory
compilation terminated.
configure:13512: $? = 1
configure: failed program was:
| /* confdefs.h */
| #define PACKAGE_NAME "Capn Proto"
| #define PACKAGE_TARNAME "capnproto-c++"
| #define PACKAGE_VERSION "0.6.1"
| #define PACKAGE_STRING "Capn Proto 0.6.1"
| #define PACKAGE_BUGREPORT "capnproto@googlegroups.com"
| #define PACKAGE_URL ""
| #define PACKAGE "capnproto-c++"
| #define VERSION "0.6.1"
| #define HAVE_PTHREAD 1
| #define STDC_HEADERS 1
| #define HAVE_SYS_TYPES_H 1
| #define HAVE_SYS_STAT_H 1
| #define HAVE_STDLIB_H 1
| #define HAVE_STRING_H 1
| #define HAVE_MEMORY_H 1
| #define HAVE_STRINGS_H 1
| #define HAVE_INTTYPES_H 1
| #define HAVE_STDINT_H 1
| #define HAVE_UNISTD_H 1
| #define HAVE_DLFCN_H 1
| #define LT_OBJDIR ".libs/"
| /* end confdefs.h.  */
| #include <ac_nonexistent.h>
configure:13537: result: g++ -std=gnu++11 -E
configure:13557: g++ -std=gnu++11 -E -DPIC conftest.cpp
configure:13557: $? = 0
configure:13571: g++ -std=gnu++11 -E -DPIC conftest.cpp
conftest.cpp:24:28: fatal error: ac_nonexistent.h: No such file or directory
compilation terminated.
configure:13571: $? = 1
configure: failed program was:
| /* confdefs.h */
| #define PACKAGE_NAME "Capn Proto"
| #define PACKAGE_TARNAME "capnproto-c++"
| #define PACKAGE_VERSION "0.6.1"
| #define PACKAGE_STRING "Capn Proto 0.6.1"
| #define PACKAGE_BUGREPORT "capnproto@googlegroups.com"
| #define PACKAGE_URL ""
| #define PACKAGE "capnproto-c++"
| #define VERSION "0.6.1"
| #define HAVE_PTHREAD 1
| #define STDC_HEADERS 1
| #define HAVE_SYS_TYPES_H 1
| #define HAVE_SYS_STAT_H 1
| #define HAVE_STDLIB_H 1
| #define HAVE_STRING_H 1
| #define HAVE_MEMORY_H 1
| #define HAVE_STRINGS_H 1
| #define HAVE_INTTYPES_H 1
| #define HAVE_STDINT_H 1
| #define HAVE_UNISTD_H 1
| #define HAVE_DLFCN_H 1
| #define LT_OBJDIR ".libs/"
| /* end confdefs.h.  */
| #include <ac_nonexistent.h>
configure:13733: checking for ld used by g++ -std=gnu++11
configure:13800: result: /usr/bin/ld -m elf_x86_64
configure:13807: checking if the linker (/usr/bin/ld -m elf_x86_64) is GNU ld
configure:13822: result: yes
configure:13877: checking whether the g++ -std=gnu++11 linker (/usr/bin/ld -m elf_x86_64) supports shared libraries
configure:14950: result: yes
configure:14986: g++ -std=gnu++11 -c -fPIC -DPIC conftest.cpp >&5
configure:14989: $? = 0
configure:15470: checking for g++ -std=gnu++11 option to produce PIC
configure:15477: result: -fPIC -DPIC
configure:15485: checking if g++ -std=gnu++11 PIC flag -fPIC -DPIC works
configure:15503: g++ -std=gnu++11 -c -fPIC -DPIC -fPIC -DPIC -DPIC conftest.cpp >&5
configure:15507: $? = 0
configure:15520: result: yes
configure:15543: checking if g++ -std=gnu++11 static flag -static works
configure:15571: result: yes
configure:15583: checking if g++ -std=gnu++11 supports -c -o file.o
configure:15604: g++ -std=gnu++11 -c -fPIC -DPIC -o out/conftest2.o conftest.cpp >&5
configure:15608: $? = 0
configure:15630: result: yes
configure:15635: checking if g++ -std=gnu++11 supports -c -o file.o
configure:15682: result: yes
configure:15712: checking whether the g++ -std=gnu++11 linker (/usr/bin/ld -m elf_x86_64) supports shared libraries
configure:15755: result: yes
configure:15896: checking dynamic linker characteristics
configure:16653: result: GNU/Linux ld.so
configure:16718: checking how to hardcode library paths into programs
configure:16743: result: immediate
configure:16860: checking for library containing sched_yield
configure:16891: g++ -std=gnu++11 -o conftest -fPIC -DPIC -fPIC conftest.cpp  >&5
configure:16891: $? = 0
configure:16908: result: none required
configure:17035: checking that generated files are newer than configure
configure:17041: result: done
configure:17076: creating ./config.status

## ---------------------- ##
## Running config.status. ##
## ---------------------- ##

This file was extended by Capn Proto config.status 0.6.1, which was
generated by GNU Autoconf 2.69.  Invocation command line was

  CONFIG_FILES    = 
  CONFIG_HEADERS  = 
  CONFIG_LINKS    = 
  CONFIG_COMMANDS = 
  $ ./config.status 

on CE-LINUX-1

config.status:1166: creating Makefile
config.status:1166: creating capnp.pc
config.status:1166: creating capnp-rpc.pc
config.status:1166: creating capnp-json.pc
config.status:1166: creating kj.pc
config.status:1166: creating kj-async.pc
config.status:1166: creating config.h
config.status:1395: executing depfiles commands
config.status:1395: executing libtool commands

## ---------------- ##
## Cache variables. ##
## ---------------- ##

ac_cv_build=x86_64-pc-linux-gnu
ac_cv_c_compiler_gnu=yes
ac_cv_cxx_compiler_gnu=yes
ac_cv_env_CCC_set=
ac_cv_env_CCC_value=
ac_cv_env_CC_set=
ac_cv_env_CC_value=
ac_cv_env_CFLAGS_set=set
ac_cv_env_CFLAGS_value=-fPIC
ac_cv_env_CPPFLAGS_set=set
ac_cv_env_CPPFLAGS_value=-DPIC
ac_cv_env_CPP_set=
ac_cv_env_CPP_value=
ac_cv_env_CXXCPP_set=
ac_cv_env_CXXCPP_value=
ac_cv_env_CXXFLAGS_set=set
ac_cv_env_CXXFLAGS_value=-fPIC
ac_cv_env_CXX_set=
ac_cv_env_CXX_value=
ac_cv_env_LDFLAGS_set=set
ac_cv_env_LDFLAGS_value=-fPIC
ac_cv_env_LIBS_set=
ac_cv_env_LIBS_value=
ac_cv_env_LT_SYS_LIBRARY_PATH_set=
ac_cv_env_LT_SYS_LIBRARY_PATH_value=
ac_cv_env_build_alias_set=
ac_cv_env_build_alias_value=
ac_cv_env_host_alias_set=
ac_cv_env_host_alias_value=
ac_cv_env_target_alias_set=
ac_cv_env_target_alias_value=
ac_cv_header_dlfcn_h=yes
ac_cv_header_inttypes_h=yes
ac_cv_header_memory_h=yes
ac_cv_header_stdc=yes
ac_cv_header_stdint_h=yes
ac_cv_header_stdlib_h=yes
ac_cv_header_string_h=yes
ac_cv_header_strings_h=yes
ac_cv_header_sys_stat_h=yes
ac_cv_header_sys_types_h=yes
ac_cv_header_unistd_h=yes
ac_cv_host=x86_64-pc-linux-gnu
ac_cv_objext=o
ac_cv_path_EGREP='/bin/grep -E'
ac_cv_path_FGREP='/bin/grep -F'
ac_cv_path_GREP=/bin/grep
ac_cv_path_SED=/bin/sed
ac_cv_path_install='/usr/bin/install -c'
ac_cv_path_lt_DD=/bin/dd
ac_cv_path_mkdir=/bin/mkdir
ac_cv_prog_AWK=mawk
ac_cv_prog_CPP='gcc -E'
ac_cv_prog_CXXCPP='g++ -std=gnu++11 -E'
ac_cv_prog_ac_ct_AR=ar
ac_cv_prog_ac_ct_CC=gcc
ac_cv_prog_ac_ct_CXX=g++
ac_cv_prog_ac_ct_MANIFEST_TOOL=mt
ac_cv_prog_ac_ct_OBJDUMP=objdump
ac_cv_prog_ac_ct_RANLIB=ranlib
ac_cv_prog_ac_ct_STRIP=strip
ac_cv_prog_cc_c89=
ac_cv_prog_cc_g=yes
ac_cv_prog_cxx_g=yes
ac_cv_prog_make_make_set=yes
ac_cv_search_sched_yield='none required'
am_cv_CC_dependencies_compiler_type=gcc3
am_cv_CXX_dependencies_compiler_type=gcc3
am_cv_make_support_nested_variables=yes
am_cv_prog_cc_c_o=yes
am_cv_prog_tar_ustar=gnutar
ax_cv_cxx_compile_cxx11=no
ax_cv_cxx_compile_cxx11__std_gnupp11=yes
ax_cv_cxx_compile_cxx11_lib=yes
lt_cv_ar_at_file=@
lt_cv_deplibs_check_method=pass_all
lt_cv_file_magic_cmd='$MAGIC_CMD'
lt_cv_file_magic_test_file=
lt_cv_ld_reload_flag=-r
lt_cv_nm_interface='BSD nm'
lt_cv_objdir=.libs
lt_cv_path_LD=/usr/bin/ld
lt_cv_path_LDCXX='/usr/bin/ld -m elf_x86_64'
lt_cv_path_NM='/usr/bin/nm -B'
lt_cv_path_mainfest_tool=no
lt_cv_prog_compiler_c_o=yes
lt_cv_prog_compiler_c_o_CXX=yes
lt_cv_prog_compiler_pic='-fPIC -DPIC'
lt_cv_prog_compiler_pic_CXX='-fPIC -DPIC'
lt_cv_prog_compiler_pic_works=yes
lt_cv_prog_compiler_pic_works_CXX=yes
lt_cv_prog_compiler_rtti_exceptions=no
lt_cv_prog_compiler_static_works=yes
lt_cv_prog_compiler_static_works_CXX=yes
lt_cv_prog_gnu_ld=yes
lt_cv_prog_gnu_ldcxx=yes
lt_cv_sharedlib_from_linklib_cmd='printf %s\n'
lt_cv_shlibpath_overrides_runpath=no
lt_cv_sys_global_symbol_pipe='sed -n -e '\''s/^.*[	 ]\([ABCDGIRSTW][ABCDGIRSTW]*\)[	 ][	 ]*\([_A-Za-z][_A-Za-z0-9]*\)$/\1 \2 \2/p'\'' | sed '\''/ __gnu_lto/d'\'''
lt_cv_sys_global_symbol_to_c_name_address='sed -n -e '\''s/^: \(.*\) .*$/  {"\1", (void *) 0},/p'\'' -e '\''s/^[ABCDGIRSTW][ABCDGIRSTW]* .* \(.*\)$/  {"\1", (void *) \&\1},/p'\'''
lt_cv_sys_global_symbol_to_c_name_address_lib_prefix='sed -n -e '\''s/^: \(.*\) .*$/  {"\1", (void *) 0},/p'\'' -e '\''s/^[ABCDGIRSTW][ABCDGIRSTW]* .* \(lib.*\)$/  {"\1", (void *) \&\1},/p'\'' -e '\''s/^[ABCDGIRSTW][ABCDGIRSTW]* .* \(.*\)$/  {"lib\1", (void *) \&\1},/p'\'''
lt_cv_sys_global_symbol_to_cdecl='sed -n -e '\''s/^T .* \(.*\)$/extern int \1();/p'\'' -e '\''s/^[ABCDGIRSTW][ABCDGIRSTW]* .* \(.*\)$/extern char \1;/p'\'''
lt_cv_sys_global_symbol_to_import=
lt_cv_sys_max_cmd_len=1572864
lt_cv_to_host_file_cmd=func_convert_file_noop
lt_cv_to_tool_file_cmd=func_convert_file_noop
lt_cv_truncate_bin='/bin/dd bs=4096 count=1'

## ----------------- ##
## Output variables. ##
## ----------------- ##

ACLOCAL='${SHELL} /home/keyur/projects/openpilot/capnproto-c++-0.6.1/build-aux/missing aclocal-1.15'
AMDEPBACKSLASH='\'
AMDEP_FALSE='#'
AMDEP_TRUE=''
AMTAR='$${TAR-tar}'
AM_BACKSLASH='\'
AM_DEFAULT_V='$(AM_DEFAULT_VERBOSITY)'
AM_DEFAULT_VERBOSITY='1'
AM_V='$(V)'
AR='ar'
ASYNC_LIBS=''
AUTOCONF='${SHELL} /home/keyur/projects/openpilot/capnproto-c++-0.6.1/build-aux/missing autoconf'
AUTOHEADER='${SHELL} /home/keyur/projects/openpilot/capnproto-c++-0.6.1/build-aux/missing autoheader'
AUTOMAKE='${SHELL} /home/keyur/projects/openpilot/capnproto-c++-0.6.1/build-aux/missing automake-1.15'
AWK='mawk'
CAPNP=''
CAPNPC_CXX=''
CAPNP_LITE_FLAG=''
CC='gcc'
CCDEPMODE='depmode=gcc3'
CFLAGS='-fPIC'
CPP='gcc -E'
CPPFLAGS='-DPIC'
CXX='g++ -std=gnu++11'
CXXCPP='g++ -std=gnu++11 -E'
CXXDEPMODE='depmode=gcc3'
CXXFLAGS='-fPIC -pthread'
CYGPATH_W='echo'
DEFS='-DHAVE_CONFIG_H'
DEPDIR='.deps'
DLLTOOL='false'
DSYMUTIL=''
DUMPBIN=''
ECHO_C=''
ECHO_N='-n'
ECHO_T=''
EGREP='/bin/grep -E'
EXEEXT=''
FGREP='/bin/grep -F'
GREP='/bin/grep'
INSTALL_DATA='${INSTALL} -m 644'
INSTALL_PROGRAM='${INSTALL}'
INSTALL_SCRIPT='${INSTALL}'
INSTALL_STRIP_PROGRAM='$(install_sh) -c -s'
LD='/usr/bin/ld -m elf_x86_64'
LDFLAGS='-fPIC'
LIBOBJS=''
LIBS=' -lpthread '
LIBTOOL='$(SHELL) $(top_builddir)/libtool'
LIPO=''
LITE_MODE_FALSE=''
LITE_MODE_TRUE='#'
LN_S='ln -s'
LTLIBOBJS=''
LT_SYS_LIBRARY_PATH=''
MAKEINFO='${SHELL} /home/keyur/projects/openpilot/capnproto-c++-0.6.1/build-aux/missing makeinfo'
MANIFEST_TOOL=':'
MKDIR_P='/bin/mkdir -p'
NM='/usr/bin/nm -B'
NMEDIT=''
OBJDUMP='objdump'
OBJEXT='o'
OTOOL64=''
OTOOL=''
PACKAGE='capnproto-c++'
PACKAGE_BUGREPORT='capnproto@googlegroups.com'
PACKAGE_NAME='Capn Proto'
PACKAGE_STRING='Capn Proto 0.6.1'
PACKAGE_TARNAME='capnproto-c++'
PACKAGE_URL=''
PACKAGE_VERSION='0.6.1'
PATH_SEPARATOR=':'
PTHREAD_CC='gcc'
PTHREAD_CFLAGS='-pthread'
PTHREAD_LIBS=' -lpthread'
RANLIB='ranlib'
SED='/bin/sed'
SET_MAKE=''
SHELL='/bin/bash'
STDLIB_FLAG=''
STRIP='strip'
USE_EXTERNAL_CAPNP_FALSE=''
USE_EXTERNAL_CAPNP_TRUE='#'
VERSION='0.6.1'
ac_ct_AR='ar'
ac_ct_CC='gcc'
ac_ct_CXX='g++'
ac_ct_DUMPBIN=''
acx_pthread_config=''
am__EXEEXT_FALSE=''
am__EXEEXT_TRUE='#'
am__fastdepCC_FALSE='#'
am__fastdepCC_TRUE=''
am__fastdepCXX_FALSE='#'
am__fastdepCXX_TRUE=''
am__include='include'
am__isrc=''
am__leading_dot='.'
am__nodep='_no'
am__quote=''
am__tar='tar --format=ustar -chf - "$$tardir"'
am__untar='tar -xf -'
bindir='${exec_prefix}/bin'
build='x86_64-pc-linux-gnu'
build_alias=''
build_cpu='x86_64'
build_os='linux-gnu'
build_vendor='pc'
datadir='${datarootdir}'
datarootdir='${prefix}/share'
docdir='${datarootdir}/doc/${PACKAGE_TARNAME}'
dvidir='${docdir}'
exec_prefix='${prefix}'
host='x86_64-pc-linux-gnu'
host_alias=''
host_cpu='x86_64'
host_os='linux-gnu'
host_vendor='pc'
htmldir='${docdir}'
includedir='${prefix}/include'
infodir='${datarootdir}/info'
install_sh='${SHELL} /home/keyur/projects/openpilot/capnproto-c++-0.6.1/build-aux/install-sh'
libdir='${exec_prefix}/lib'
libexecdir='${exec_prefix}/libexec'
localedir='${datarootdir}/locale'
localstatedir='${prefix}/var'
mandir='${datarootdir}/man'
mkdir_p='$(MKDIR_P)'
oldincludedir='/usr/include'
pdfdir='${docdir}'
prefix='/usr/local'
program_transform_name='s,x,x,'
psdir='${docdir}'
runstatedir='${localstatedir}/run'
sbindir='${exec_prefix}/sbin'
sharedstatedir='${prefix}/com'
sysconfdir='${prefix}/etc'
target_alias=''

## ----------- ##
## confdefs.h. ##
## ----------- ##

/* confdefs.h */
#define PACKAGE_NAME "Capn Proto"
#define PACKAGE_TARNAME "capnproto-c++"
#define PACKAGE_VERSION "0.6.1"
#define PACKAGE_STRING "Capn Proto 0.6.1"
#define PACKAGE_BUGREPORT "capnproto@googlegroups.com"
#define PACKAGE_URL ""
#define PACKAGE "capnproto-c++"
#define VERSION "0.6.1"
#define HAVE_PTHREAD 1
#define STDC_HEADERS 1
#define HAVE_SYS_TYPES_H 1
#define HAVE_SYS_STAT_H 1
#define HAVE_STDLIB_H 1
#define HAVE_STRING_H 1
#define HAVE_MEMORY_H 1
#define HAVE_STRINGS_H 1
#define HAVE_INTTYPES_H 1
#define HAVE_STDINT_H 1
#define HAVE_UNISTD_H 1
#define HAVE_DLFCN_H 1
#define LT_OBJDIR ".libs/"

configure: exit 0
